Arguments: 
  /usr/bin/node /usr/bin/yarn publish --tag next

PATH: 
  /tmp/yarn--1651220419851-0.083210968194533:/media/togekk/Backup/WWW/popper-svelte/node_modules/.bin:/home/togekk/.config/yarn/link/node_modules/.bin:/home/togekk/.yarn/bin:/usr/libexec/lib/node_modules/npm/bin/node-gyp-bin:/usr/lib/node_modules/npm/bin/node-gyp-bin:/usr/bin/node_modules/npm/bin/node-gyp-bin:/home/togekk/.local/bin:/home/togekk/.cargo/bin:/home/togekk/.local/bin:/usr/local/sbin:/usr/local/bin:/usr/sbin:/usr/bin:/sbin:/bin:/usr/games:/usr/local/games:/snap/bin

Yarn version: 
  1.22.18

Node version: 
  18.0.0

Platform: 
  linux x64

Trace: 
  Error: https://registry.yarnpkg.com/-/user/org.couchdb.user:togekk: failed to authenticate: Could not authenticate togekk: bad password
      at params.callback [as _callback] (/usr/lib/node_modules/yarn/lib/cli.js:66138:18)
      at self.callback (/usr/lib/node_modules/yarn/lib/cli.js:140883:22)
      at Request.emit (node:events:527:28)
      at Request.<anonymous> (/usr/lib/node_modules/yarn/lib/cli.js:141855:10)
      at Request.emit (node:events:527:28)
      at IncomingMessage.<anonymous> (/usr/lib/node_modules/yarn/lib/cli.js:141777:12)
      at Object.onceWrapper (node:events:641:28)
      at IncomingMessage.emit (node:events:539:35)
      at endReadableNT (node:internal/streams/readable:1344:12)
      at process.processTicksAndRejections (node:internal/process/task_queues:82:21)

npm manifest: 
  {
    "name": "popper-svelte",
    "version": "1.1.4-rc2",
    "repository": "https://github.com/togekk1/popper-svelte.git",
    "author": "togekk1",
    "license": "MIT",
    "scripts": {
      "publish:prod": "yarn publish --tag latest",
      "publish:next": "yarn publish --tag next"
    },
    "releaseFiles": [
      "LICENSE",
      "package.json",
      "README.md",
      "tsconfig.json"
    ],
    "devDependencies": {
      "svelte": "^3.46.4"
    }
  }

yarn manifest: 
  No manifest

Lockfile: 
  # THIS IS AN AUTOGENERATED FILE. DO NOT EDIT THIS FILE DIRECTLY.
  # yarn lockfile v1
  
  
  svelte@^3.46.4:
    version "3.47.0"
    resolved "https://registry.yarnpkg.com/svelte/-/svelte-3.47.0.tgz#ba46fe4aea99fc650d6939c215cd4694f5325a19"
    integrity sha512-4JaJp3HEoTCGARRWZQIZDUanhYv0iyoHikklVHVLH9xFE9db22g4TDv7CPeNA8HD1JgjXI1vlhR1JZvvhaTu2Q==
